<?xml version="1.0" encoding="UTF-8"?>
<!-- Generated by org.testng.reporters.JUnitReportReporter -->
<testsuite skipped="0" hostname="DESKTOP-4BFPQAV" name="com.qualtech.framework.demo.automationscript.login.LoginScript" tests="1" failures="0" timestamp="2019-12-12T00:05:01 IST" time="79.271" errors="0">
  <testcase name="verifyLogin" time="79.271" classname="com.qualtech.framework.demo.automationscript.login.LoginScript"/>
</testsuite> <!-- com.qualtech.framework.demo.automationscript.login.LoginScript -->
